1677151515538--2022-12-22-01-44-00_0.png
{
  IpfsHash: 'Qmb3eMp41fP3The94BBKv5URSu2seLnTa7fYHs1CVpkQMo',
  PinSize: 696745,
  Timestamp: '2023-02-23T09:41:14.417Z',
  isDuplicate: true
}
1677155096289--hi3.png
{
  IpfsHash: 'QmTWjgDhu57zV2UTG9a2FkWVkemNKmYKEnhmtFVFv2FryH',
  PinSize: 309731,
  Timestamp: '2023-02-21T10:47:55.722Z',
  isDuplicate: true
}
1677151515538--2022-12-22-01-44-00_0.png
{
  IpfsHash: 'Qmb3eMp41fP3The94BBKv5URSu2seLnTa7fYHs1CVpkQMo',
  PinSize: 696745,
  Timestamp: '2023-02-23T09:41:14.417Z',
  isDuplicate: true
}
1677155096289--hi3.png
{
  IpfsHash: 'QmTWjgDhu57zV2UTG9a2FkWVkemNKmYKEnhmtFVFv2FryH',
  PinSize: 309731,
  Timestamp: '2023-02-21T10:47:55.722Z',
  isDuplicate: true
}
